Using pre-set license
Built from '2020.3/staging' branch; Version is '2020.3.14f1 (d0d1bb862f9d) revision 13685179'; Using compiler version '192528614'; Build Type 'Release'
OS: 'Windows 10 Home; OS build 19042.1110; Version 2009; 64bit' Language: 'ko' Physical Memory: 8001 MB
BatchMode: 1, IsHumanControllingUs: 0, StartBugReporterOnCrash: 0, Is64bit: 1, IsPro: 0

 COMMAND LINE ARGUMENTS:
C:\Program Files\Unity\Hub\Editor\2020.3.14f1\Editor\Unity.exe
-adb2
-batchMode
-noUpm
-name
AssetImportWorker4
-projectPath
C:/Users/parkj/Desktop/uniyt project/kd visual novel
-logFile
Logs/AssetImportWorker4.log
-srvPort
63213
Successfully changed project path to: C:/Users/parkj/Desktop/uniyt project/kd visual novel
C:/Users/parkj/Desktop/uniyt project/kd visual novel
Using Asset Import Pipeline V2.
